<?xml version="1.0" encoding="UTF-8"?>
<!-- Generated by org.testng.reporters.JUnitReportReporter -->
<testsuite hostname="SDET-LT92" failures="0" tests="1" name="com.medimention.testCases.TC_001_RegistrationTest" time="8.538" errors="0" timestamp="2024-09-28T16:40:50 IST" skipped="0">
  <testcase classname="com.medimention.testCases.TC_001_RegistrationTest" name="accountRegister" time="8.538"/>
</testsuite> <!-- com.medimention.testCases.TC_001_RegistrationTest -->
